nohup: ignoring input

  .   ____          _            __ _ _
 /\\ / ___'_ __ _ _(_)_ __  __ _ \ \ \ \
( ( )\___ | '_ | '_| | '_ \/ _` | \ \ \ \
 \\/  ___)| |_)| | | | | || (_| |  ) ) ) )
  '  |____| .__|_| |_|_| |_\__, | / / / /
 =========|_|==============|___/=/_/_/_/
 :: Spring Boot ::                (v3.2.5)

2025-04-27T20:35:57.290+09:00  INFO 5754 --- [           main] kr.salm.SalmApplication                  : Starting SalmApplication v2.0 using Java 17.0.15 with PID 5754 (/app/salm/dev-salm/build/libs/dev-salm-2.0.jar started by root in /app/salm/dev-salm)
2025-04-27T20:35:57.297+09:00  INFO 5754 --- [           main] kr.salm.SalmApplication                  : No active profile set, falling back to 1 default profile: "default"
2025-04-27T20:35:57.958+09:00  INFO 5754 --- [           main] .s.d.r.c.RepositoryConfigurationDelegate : Bootstrapping Spring Data JPA repositories in DEFAULT mode.
2025-04-27T20:35:57.999+09:00  INFO 5754 --- [           main] .s.d.r.c.RepositoryConfigurationDelegate : Finished Spring Data repository scanning in 35 ms. Found 1 JPA repository interface.
2025-04-27T20:35:58.410+09:00  INFO 5754 --- [           main] o.s.b.w.embedded.tomcat.TomcatWebServer  : Tomcat initialized with port 8080 (http)
2025-04-27T20:35:58.420+09:00  INFO 5754 --- [           main] o.apache.catalina.core.StandardService   : Starting service [Tomcat]
2025-04-27T20:35:58.421+09:00  INFO 5754 --- [           main] o.apache.catalina.core.StandardEngine    : Starting Servlet engine: [Apache Tomcat/10.1.20]
2025-04-27T20:35:58.447+09:00  INFO 5754 --- [           main] o.a.c.c.C.[Tomcat].[localhost].[/]       : Initializing Spring embedded WebApplicationContext
2025-04-27T20:35:58.448+09:00  INFO 5754 --- [           main] w.s.c.ServletWebServerApplicationContext : Root WebApplicationContext: initialization completed in 1064 ms
2025-04-27T20:35:58.574+09:00  INFO 5754 --- [           main] o.hibernate.jpa.internal.util.LogHelper  : HHH000204: Processing PersistenceUnitInfo [name: default]
2025-04-27T20:35:58.617+09:00  INFO 5754 --- [           main] org.hibernate.Version                    : HHH000412: Hibernate ORM core version 6.4.4.Final
2025-04-27T20:35:58.640+09:00  INFO 5754 --- [           main] o.h.c.internal.RegionFactoryInitiator    : HHH000026: Second-level cache disabled
2025-04-27T20:35:58.804+09:00  INFO 5754 --- [           main] o.s.o.j.p.SpringPersistenceUnitInfo      : No LoadTimeWeaver setup: ignoring JPA class transformer
2025-04-27T20:35:58.822+09:00  INFO 5754 --- [           main] com.zaxxer.hikari.HikariDataSource       : HikariPool-1 - Starting...
2025-04-27T20:35:58.902+09:00  INFO 5754 --- [           main] com.zaxxer.hikari.pool.HikariPool        : HikariPool-1 - Added connection org.mariadb.jdbc.Connection@11e17893
2025-04-27T20:35:58.904+09:00  INFO 5754 --- [           main] com.zaxxer.hikari.HikariDataSource       : HikariPool-1 - Start completed.
2025-04-27T20:35:58.924+09:00  WARN 5754 --- [           main] org.hibernate.orm.deprecation            : HHH90000025: MariaDBDialect does not need to be specified explicitly using 'hibernate.dialect' (remove the property setting and it will be selected by default)
2025-04-27T20:35:59.439+09:00  INFO 5754 --- [           main] o.h.e.t.j.p.i.JtaPlatformInitiator       : HHH000489: No JTA platform available (set 'hibernate.transaction.jta.platform' to enable JTA platform integration)
2025-04-27T20:35:59.469+09:00  INFO 5754 --- [           main] j.LocalContainerEntityManagerFactoryBean : Initialized JPA EntityManagerFactory for persistence unit 'default'
2025-04-27T20:35:59.707+09:00  WARN 5754 --- [           main] JpaBaseConfiguration$JpaWebConfiguration : spring.jpa.open-in-view is enabled by default. Therefore, database queries may be performed during view rendering. Explicitly configure spring.jpa.open-in-view to disable this warning
2025-04-27T20:35:59.788+09:00  INFO 5754 --- [           main] o.s.b.a.w.s.WelcomePageHandlerMapping    : Adding welcome page template: index
2025-04-27T20:35:59.922+09:00  INFO 5754 --- [           main] o.s.s.web.DefaultSecurityFilterChain     : Will secure any request with [org.springframework.security.web.session.DisableEncodeUrlFilter@39451d92, org.springframework.security.web.context.request.async.WebAsyncManagerIntegrationFilter@46610fc9, org.springframework.security.web.context.SecurityContextHolderFilter@3d42b756, org.springframework.security.web.header.HeaderWriterFilter@79486f38, org.springframework.web.filter.CorsFilter@1fdd5517, org.springframework.security.web.csrf.CsrfFilter@31aa9b01, org.springframework.security.web.authentication.logout.LogoutFilter@797ee1a9, org.springframework.security.web.authentication.UsernamePasswordAuthenticationFilter@7bf16972, org.springframework.security.web.savedrequest.RequestCacheAwareFilter@4e4c05a0, org.springframework.security.web.servletapi.SecurityContextHolderAwareRequestFilter@d763b06, org.springframework.security.web.authentication.AnonymousAuthenticationFilter@2cd877d3, org.springframework.security.web.access.ExceptionTranslationFilter@7fb02606, org.springframework.security.web.access.intercept.AuthorizationFilter@6ca30886]
2025-04-27T20:36:00.107+09:00  INFO 5754 --- [           main] o.s.b.w.embedded.tomcat.TomcatWebServer  : Tomcat started on port 8080 (http) with context path ''
2025-04-27T20:36:00.126+09:00  INFO 5754 --- [           main] kr.salm.SalmApplication                  : Started SalmApplication in 3.312 seconds (process running for 3.758)
2025-04-27T20:36:07.445+09:00  INFO 5754 --- [nio-8080-exec-1] o.a.c.c.C.[Tomcat].[localhost].[/]       : Initializing Spring DispatcherServlet 'dispatcherServlet'
2025-04-27T20:36:07.445+09:00  INFO 5754 --- [nio-8080-exec-1] o.s.web.servlet.DispatcherServlet        : Initializing Servlet 'dispatcherServlet'
2025-04-27T20:36:07.446+09:00  INFO 5754 --- [nio-8080-exec-1] o.s.web.servlet.DispatcherServlet        : Completed initialization in 1 ms
2025-04-27T20:36:07.460+09:00 DEBUG 5754 --- [nio-8080-exec-1] o.s.security.web.FilterChainProxy        : Securing GET /
2025-04-27T20:36:07.466+09:00 DEBUG 5754 --- [nio-8080-exec-1] o.s.security.web.FilterChainProxy        : Secured GET /
2025-04-27T20:36:07.632+09:00 DEBUG 5754 --- [nio-8080-exec-1] o.s.s.w.a.AnonymousAuthenticationFilter  : Set SecurityContextHolder to anonymous SecurityContext
2025-04-27T20:36:18.239+09:00 DEBUG 5754 --- [nio-8080-exec-3] o.s.security.web.FilterChainProxy        : Securing GET /
2025-04-27T20:36:18.240+09:00 DEBUG 5754 --- [nio-8080-exec-3] o.s.security.web.FilterChainProxy        : Secured GET /
2025-04-27T20:36:18.249+09:00 DEBUG 5754 --- [nio-8080-exec-3] o.s.s.w.a.AnonymousAuthenticationFilter  : Set SecurityContextHolder to anonymous SecurityContext
2025-04-27T20:36:18.689+09:00 DEBUG 5754 --- [nio-8080-exec-2] o.s.security.web.FilterChainProxy        : Securing GET /favicon.ico
2025-04-27T20:36:18.689+09:00 DEBUG 5754 --- [nio-8080-exec-2] o.s.s.w.a.AnonymousAuthenticationFilter  : Set SecurityContextHolder to anonymous SecurityContext
2025-04-27T20:36:18.690+09:00 DEBUG 5754 --- [nio-8080-exec-2] o.s.s.web.DefaultRedirectStrategy        : Redirecting to http://192.168.219.101:8080/login
2025-04-27T20:36:18.694+09:00 DEBUG 5754 --- [nio-8080-exec-4] o.s.security.web.FilterChainProxy        : Securing GET /login
2025-04-27T20:36:18.694+09:00 DEBUG 5754 --- [nio-8080-exec-4] o.s.security.web.FilterChainProxy        : Secured GET /login
2025-04-27T20:36:18.699+09:00 DEBUG 5754 --- [nio-8080-exec-4] o.s.s.w.a.AnonymousAuthenticationFilter  : Set SecurityContextHolder to anonymous SecurityContext
2025-04-27T20:36:33.606+09:00 DEBUG 5754 --- [nio-8080-exec-6] o.s.security.web.FilterChainProxy        : Securing GET /
2025-04-27T20:36:33.607+09:00 DEBUG 5754 --- [nio-8080-exec-6] o.s.security.web.FilterChainProxy        : Secured GET /
2025-04-27T20:36:33.611+09:00 DEBUG 5754 --- [nio-8080-exec-6] o.s.s.w.a.AnonymousAuthenticationFilter  : Set SecurityContextHolder to anonymous SecurityContext
2025-04-27T20:36:34.515+09:00 DEBUG 5754 --- [nio-8080-exec-5] o.s.security.web.FilterChainProxy        : Securing GET /favicon.ico
2025-04-27T20:36:34.515+09:00 DEBUG 5754 --- [nio-8080-exec-5] o.s.s.w.a.AnonymousAuthenticationFilter  : Set SecurityContextHolder to anonymous SecurityContext
2025-04-27T20:36:34.516+09:00 DEBUG 5754 --- [nio-8080-exec-5] o.s.s.web.DefaultRedirectStrategy        : Redirecting to http://192.168.219.101:8080/login
2025-04-27T20:36:34.529+09:00 DEBUG 5754 --- [nio-8080-exec-7] o.s.security.web.FilterChainProxy        : Securing GET /login
2025-04-27T20:36:34.529+09:00 DEBUG 5754 --- [nio-8080-exec-7] o.s.security.web.FilterChainProxy        : Secured GET /login
2025-04-27T20:36:34.532+09:00 DEBUG 5754 --- [nio-8080-exec-7] o.s.s.w.a.AnonymousAuthenticationFilter  : Set SecurityContextHolder to anonymous SecurityContext
2025-04-27T20:36:51.861+09:00 DEBUG 5754 --- [nio-8080-exec-9] o.s.security.web.FilterChainProxy        : Securing GET /
2025-04-27T20:36:51.861+09:00 DEBUG 5754 --- [nio-8080-exec-9] o.s.security.web.FilterChainProxy        : Secured GET /
2025-04-27T20:36:51.865+09:00 DEBUG 5754 --- [nio-8080-exec-9] o.s.s.w.a.AnonymousAuthenticationFilter  : Set SecurityContextHolder to anonymous SecurityContext
2025-04-27T20:36:52.593+09:00 DEBUG 5754 --- [io-8080-exec-10] o.s.security.web.FilterChainProxy        : Securing GET /favicon.ico
2025-04-27T20:36:52.593+09:00 DEBUG 5754 --- [io-8080-exec-10] o.s.s.w.a.AnonymousAuthenticationFilter  : Set SecurityContextHolder to anonymous SecurityContext
2025-04-27T20:36:52.594+09:00 DEBUG 5754 --- [io-8080-exec-10] o.s.s.web.DefaultRedirectStrategy        : Redirecting to http://deok.kr/login
2025-04-27T20:36:52.606+09:00 DEBUG 5754 --- [nio-8080-exec-8] o.s.security.web.FilterChainProxy        : Securing GET /login
2025-04-27T20:36:52.607+09:00 DEBUG 5754 --- [nio-8080-exec-8] o.s.security.web.FilterChainProxy        : Secured GET /login
2025-04-27T20:36:52.609+09:00 DEBUG 5754 --- [nio-8080-exec-8] o.s.s.w.a.AnonymousAuthenticationFilter  : Set SecurityContextHolder to anonymous SecurityContext
2025-04-27T20:36:59.828+09:00 DEBUG 5754 --- [nio-8080-exec-1] o.s.security.web.FilterChainProxy        : Securing GET /
2025-04-27T20:36:59.828+09:00 DEBUG 5754 --- [nio-8080-exec-1] o.s.security.web.FilterChainProxy        : Secured GET /
2025-04-27T20:36:59.832+09:00 DEBUG 5754 --- [nio-8080-exec-1] o.s.s.w.a.AnonymousAuthenticationFilter  : Set SecurityContextHolder to anonymous SecurityContext
2025-04-27T20:37:11.898+09:00 DEBUG 5754 --- [nio-8080-exec-3] o.s.security.web.FilterChainProxy        : Securing GET /mypage
2025-04-27T20:37:11.899+09:00 DEBUG 5754 --- [nio-8080-exec-3] o.s.s.w.a.AnonymousAuthenticationFilter  : Set SecurityContextHolder to anonymous SecurityContext
2025-04-27T20:37:11.907+09:00 DEBUG 5754 --- [nio-8080-exec-3] o.s.s.w.s.HttpSessionRequestCache        : Saved request http://192.168.219.101:8080/mypage?continue to session
2025-04-27T20:37:11.908+09:00 DEBUG 5754 --- [nio-8080-exec-3] o.s.s.web.DefaultRedirectStrategy        : Redirecting to http://192.168.219.101:8080/login
2025-04-27T20:37:11.911+09:00 DEBUG 5754 --- [nio-8080-exec-2] o.s.security.web.FilterChainProxy        : Securing GET /login
2025-04-27T20:37:11.912+09:00 DEBUG 5754 --- [nio-8080-exec-2] o.s.security.web.FilterChainProxy        : Secured GET /login
2025-04-27T20:37:11.915+09:00 DEBUG 5754 --- [nio-8080-exec-2] o.s.s.w.a.AnonymousAuthenticationFilter  : Set SecurityContextHolder to anonymous SecurityContext
2025-04-27T20:37:11.995+09:00 DEBUG 5754 --- [nio-8080-exec-4] o.s.security.web.FilterChainProxy        : Securing GET /favicon.ico
2025-04-27T20:37:11.995+09:00 DEBUG 5754 --- [nio-8080-exec-4] o.s.s.w.a.AnonymousAuthenticationFilter  : Set SecurityContextHolder to anonymous SecurityContext
2025-04-27T20:37:11.996+09:00 DEBUG 5754 --- [nio-8080-exec-4] o.s.s.web.DefaultRedirectStrategy        : Redirecting to http://192.168.219.101:8080/login
2025-04-27T20:37:12.003+09:00 DEBUG 5754 --- [nio-8080-exec-6] o.s.security.web.FilterChainProxy        : Securing GET /login
2025-04-27T20:37:12.003+09:00 DEBUG 5754 --- [nio-8080-exec-6] o.s.security.web.FilterChainProxy        : Secured GET /login
2025-04-27T20:37:12.007+09:00 DEBUG 5754 --- [nio-8080-exec-6] o.s.s.w.a.AnonymousAuthenticationFilter  : Set SecurityContextHolder to anonymous SecurityContext
2025-04-27T20:37:12.618+09:00 DEBUG 5754 --- [nio-8080-exec-5] o.s.security.web.FilterChainProxy        : Securing GET /
2025-04-27T20:37:12.618+09:00 DEBUG 5754 --- [nio-8080-exec-5] o.s.security.web.FilterChainProxy        : Secured GET /
2025-04-27T20:37:12.622+09:00 DEBUG 5754 --- [nio-8080-exec-5] o.s.s.w.a.AnonymousAuthenticationFilter  : Set SecurityContextHolder to anonymous SecurityContext
2025-04-27T20:37:12.677+09:00 DEBUG 5754 --- [nio-8080-exec-7] o.s.security.web.FilterChainProxy        : Securing GET /favicon.ico
2025-04-27T20:37:12.677+09:00 DEBUG 5754 --- [nio-8080-exec-7] o.s.s.w.a.AnonymousAuthenticationFilter  : Set SecurityContextHolder to anonymous SecurityContext
2025-04-27T20:37:12.678+09:00 DEBUG 5754 --- [nio-8080-exec-7] o.s.s.web.DefaultRedirectStrategy        : Redirecting to http://192.168.219.101:8080/login
2025-04-27T20:37:12.682+09:00 DEBUG 5754 --- [nio-8080-exec-9] o.s.security.web.FilterChainProxy        : Securing GET /login
2025-04-27T20:37:12.682+09:00 DEBUG 5754 --- [nio-8080-exec-9] o.s.security.web.FilterChainProxy        : Secured GET /login
2025-04-27T20:37:12.685+09:00 DEBUG 5754 --- [nio-8080-exec-9] o.s.s.w.a.AnonymousAuthenticationFilter  : Set SecurityContextHolder to anonymous SecurityContext
2025-04-27T20:37:14.516+09:00 DEBUG 5754 --- [io-8080-exec-10] o.s.security.web.FilterChainProxy        : Securing GET /more
2025-04-27T20:37:14.517+09:00 DEBUG 5754 --- [io-8080-exec-10] o.s.s.w.a.AnonymousAuthenticationFilter  : Set SecurityContextHolder to anonymous SecurityContext
2025-04-27T20:37:14.518+09:00 DEBUG 5754 --- [io-8080-exec-10] o.s.s.w.s.HttpSessionRequestCache        : Saved request http://192.168.219.101:8080/more?continue to session
2025-04-27T20:37:14.518+09:00 DEBUG 5754 --- [io-8080-exec-10] o.s.s.web.DefaultRedirectStrategy        : Redirecting to http://192.168.219.101:8080/login
2025-04-27T20:37:14.521+09:00 DEBUG 5754 --- [nio-8080-exec-8] o.s.security.web.FilterChainProxy        : Securing GET /login
2025-04-27T20:37:14.521+09:00 DEBUG 5754 --- [nio-8080-exec-8] o.s.security.web.FilterChainProxy        : Secured GET /login
2025-04-27T20:37:14.524+09:00 DEBUG 5754 --- [nio-8080-exec-8] o.s.s.w.a.AnonymousAuthenticationFilter  : Set SecurityContextHolder to anonymous SecurityContext
2025-04-27T20:37:14.574+09:00 DEBUG 5754 --- [nio-8080-exec-1] o.s.security.web.FilterChainProxy        : Securing GET /favicon.ico
2025-04-27T20:37:14.574+09:00 DEBUG 5754 --- [nio-8080-exec-1] o.s.s.w.a.AnonymousAuthenticationFilter  : Set SecurityContextHolder to anonymous SecurityContext
2025-04-27T20:37:14.574+09:00 DEBUG 5754 --- [nio-8080-exec-1] o.s.s.web.DefaultRedirectStrategy        : Redirecting to http://192.168.219.101:8080/login
2025-04-27T20:37:14.577+09:00 DEBUG 5754 --- [nio-8080-exec-3] o.s.security.web.FilterChainProxy        : Securing GET /login
2025-04-27T20:37:14.577+09:00 DEBUG 5754 --- [nio-8080-exec-3] o.s.security.web.FilterChainProxy        : Secured GET /login
2025-04-27T20:37:14.580+09:00 DEBUG 5754 --- [nio-8080-exec-3] o.s.s.w.a.AnonymousAuthenticationFilter  : Set SecurityContextHolder to anonymous SecurityContext
2025-04-27T20:37:15.227+09:00 DEBUG 5754 --- [nio-8080-exec-2] o.s.security.web.FilterChainProxy        : Securing GET /
2025-04-27T20:37:15.227+09:00 DEBUG 5754 --- [nio-8080-exec-2] o.s.security.web.FilterChainProxy        : Secured GET /
2025-04-27T20:37:15.231+09:00 DEBUG 5754 --- [nio-8080-exec-2] o.s.s.w.a.AnonymousAuthenticationFilter  : Set SecurityContextHolder to anonymous SecurityContext
2025-04-27T20:37:15.284+09:00 DEBUG 5754 --- [nio-8080-exec-4] o.s.security.web.FilterChainProxy        : Securing GET /favicon.ico
2025-04-27T20:37:15.285+09:00 DEBUG 5754 --- [nio-8080-exec-4] o.s.s.w.a.AnonymousAuthenticationFilter  : Set SecurityContextHolder to anonymous SecurityContext
2025-04-27T20:37:15.285+09:00 DEBUG 5754 --- [nio-8080-exec-4] o.s.s.web.DefaultRedirectStrategy        : Redirecting to http://192.168.219.101:8080/login
2025-04-27T20:37:15.288+09:00 DEBUG 5754 --- [nio-8080-exec-6] o.s.security.web.FilterChainProxy        : Securing GET /login
2025-04-27T20:37:15.288+09:00 DEBUG 5754 --- [nio-8080-exec-6] o.s.security.web.FilterChainProxy        : Secured GET /login
2025-04-27T20:37:15.291+09:00 DEBUG 5754 --- [nio-8080-exec-6] o.s.s.w.a.AnonymousAuthenticationFilter  : Set SecurityContextHolder to anonymous SecurityContext
2025-04-27T20:37:22.762+09:00 DEBUG 5754 --- [nio-8080-exec-7] o.s.security.web.FilterChainProxy        : Securing GET /
2025-04-27T20:37:22.762+09:00 DEBUG 5754 --- [nio-8080-exec-7] o.s.security.web.FilterChainProxy        : Secured GET /
2025-04-27T20:37:22.766+09:00 DEBUG 5754 --- [nio-8080-exec-7] o.s.s.w.a.AnonymousAuthenticationFilter  : Set SecurityContextHolder to anonymous SecurityContext
2025-04-27T20:39:05.918+09:00 DEBUG 5754 --- [nio-8080-exec-4] o.s.security.web.FilterChainProxy        : Securing GET /login
2025-04-27T20:39:05.918+09:00 DEBUG 5754 --- [nio-8080-exec-4] o.s.security.web.FilterChainProxy        : Secured GET /login
2025-04-27T20:39:05.921+09:00 DEBUG 5754 --- [nio-8080-exec-4] o.s.s.w.a.AnonymousAuthenticationFilter  : Set SecurityContextHolder to anonymous SecurityContext
2025-04-27T20:39:06.084+09:00 DEBUG 5754 --- [nio-8080-exec-6] o.s.security.web.FilterChainProxy        : Securing GET /favicon.ico
2025-04-27T20:39:06.085+09:00 DEBUG 5754 --- [nio-8080-exec-6] o.s.s.w.a.AnonymousAuthenticationFilter  : Set SecurityContextHolder to anonymous SecurityContext
2025-04-27T20:39:06.085+09:00 DEBUG 5754 --- [nio-8080-exec-6] o.s.s.web.DefaultRedirectStrategy        : Redirecting to http://deok.kr/login
2025-04-27T20:39:06.095+09:00 DEBUG 5754 --- [nio-8080-exec-5] o.s.security.web.FilterChainProxy        : Securing GET /login
2025-04-27T20:39:06.095+09:00 DEBUG 5754 --- [nio-8080-exec-5] o.s.security.web.FilterChainProxy        : Secured GET /login
2025-04-27T20:39:06.097+09:00 DEBUG 5754 --- [nio-8080-exec-5] o.s.s.w.a.AnonymousAuthenticationFilter  : Set SecurityContextHolder to anonymous SecurityContext
2025-04-27T20:39:07.434+09:00 DEBUG 5754 --- [nio-8080-exec-7] o.s.security.web.FilterChainProxy        : Securing GET /signup
2025-04-27T20:39:07.435+09:00 DEBUG 5754 --- [nio-8080-exec-7] o.s.security.web.FilterChainProxy        : Secured GET /signup
2025-04-27T20:39:07.444+09:00 DEBUG 5754 --- [nio-8080-exec-7] o.s.s.w.a.AnonymousAuthenticationFilter  : Set SecurityContextHolder to anonymous SecurityContext
2025-04-27T20:39:07.582+09:00 DEBUG 5754 --- [nio-8080-exec-9] o.s.security.web.FilterChainProxy        : Securing GET /favicon.ico
2025-04-27T20:39:07.583+09:00 DEBUG 5754 --- [nio-8080-exec-9] o.s.s.w.a.AnonymousAuthenticationFilter  : Set SecurityContextHolder to anonymous SecurityContext
2025-04-27T20:39:07.583+09:00 DEBUG 5754 --- [nio-8080-exec-9] o.s.s.web.DefaultRedirectStrategy        : Redirecting to http://deok.kr/login
2025-04-27T20:39:07.595+09:00 DEBUG 5754 --- [io-8080-exec-10] o.s.security.web.FilterChainProxy        : Securing GET /login
2025-04-27T20:39:07.595+09:00 DEBUG 5754 --- [io-8080-exec-10] o.s.security.web.FilterChainProxy        : Secured GET /login
2025-04-27T20:39:07.597+09:00 DEBUG 5754 --- [io-8080-exec-10] o.s.s.w.a.AnonymousAuthenticationFilter  : Set SecurityContextHolder to anonymous SecurityContext
2025-04-27T20:39:35.434+09:00 DEBUG 5754 --- [nio-8080-exec-8] o.s.security.web.FilterChainProxy        : Securing POST /signup
2025-04-27T20:39:35.439+09:00 DEBUG 5754 --- [nio-8080-exec-8] o.s.security.web.csrf.CsrfFilter         : Invalid CSRF token found for http://deok.kr/signup
2025-04-27T20:39:35.439+09:00 DEBUG 5754 --- [nio-8080-exec-8] o.s.s.w.access.AccessDeniedHandlerImpl   : Responding with 403 status code
2025-04-27T20:39:35.442+09:00 DEBUG 5754 --- [nio-8080-exec-8] o.s.security.web.FilterChainProxy        : Securing POST /error
2025-04-27T20:39:35.442+09:00 DEBUG 5754 --- [nio-8080-exec-8] o.s.s.w.a.AnonymousAuthenticationFilter  : Set SecurityContextHolder to anonymous SecurityContext
2025-04-27T20:39:35.443+09:00 DEBUG 5754 --- [nio-8080-exec-8] o.s.s.web.DefaultRedirectStrategy        : Redirecting to http://deok.kr/login;jsessionid=71994CE6836D6C6C5D5EE8D280D265AF
2025-04-27T20:39:35.457+09:00 DEBUG 5754 --- [nio-8080-exec-1] s.s.w.f.HttpStatusRequestRejectedHandler : Rejecting request due to: The request was rejected because the URL contained a potentially malicious String ";"

org.springframework.security.web.firewall.RequestRejectedException: The request was rejected because the URL contained a potentially malicious String ";"
	at org.springframework.security.web.firewall.StrictHttpFirewall.rejectedBlocklistedUrls(StrictHttpFirewall.java:539) ~[spring-security-web-6.2.4.jar!/:6.2.4]
	at org.springframework.security.web.firewall.StrictHttpFirewall.getFirewalledRequest(StrictHttpFirewall.java:509) ~[spring-security-web-6.2.4.jar!/:6.2.4]
	at org.springframework.security.web.FilterChainProxy.doFilterInternal(FilterChainProxy.java:211) ~[spring-security-web-6.2.4.jar!/:6.2.4]
	at org.springframework.security.web.FilterChainProxy.doFilter(FilterChainProxy.java:191) ~[spring-security-web-6.2.4.jar!/:6.2.4]
	at org.springframework.web.filter.CompositeFilter$VirtualFilterChain.doFilter(CompositeFilter.java:113) ~[spring-web-6.1.6.jar!/:6.1.6]
	at org.springframework.web.servlet.handler.HandlerMappingIntrospector.lambda$createCacheFilter$3(HandlerMappingIntrospector.java:195) ~[spring-webmvc-6.1.6.jar!/:6.1.6]
	at org.springframework.web.filter.CompositeFilter$VirtualFilterChain.doFilter(CompositeFilter.java:113) ~[spring-web-6.1.6.jar!/:6.1.6]
	at org.springframework.web.filter.CompositeFilter.doFilter(CompositeFilter.java:74) ~[spring-web-6.1.6.jar!/:6.1.6]
	at org.springframework.security.config.annotation.web.configuration.WebMvcSecurityConfiguration$CompositeFilterChainProxy.doFilter(WebMvcSecurityConfiguration.java:230) ~[spring-security-config-6.2.4.jar!/:6.2.4]
	at org.springframework.web.filter.DelegatingFilterProxy.invokeDelegate(DelegatingFilterProxy.java:352) ~[spring-web-6.1.6.jar!/:6.1.6]
	at org.springframework.web.filter.DelegatingFilterProxy.doFilter(DelegatingFilterProxy.java:268) ~[spring-web-6.1.6.jar!/:6.1.6]
	at org.apache.catalina.core.ApplicationFilterChain.internalDoFilter(ApplicationFilterChain.java:175) ~[tomcat-embed-core-10.1.20.jar!/:na]
	at org.apache.catalina.core.ApplicationFilterChain.doFilter(ApplicationFilterChain.java:150) ~[tomcat-embed-core-10.1.20.jar!/:na]
	at org.springframework.web.filter.RequestContextFilter.doFilterInternal(RequestContextFilter.java:100) ~[spring-web-6.1.6.jar!/:6.1.6]
	at org.springframework.web.filter.OncePerRequestFilter.doFilter(OncePerRequestFilter.java:116) ~[spring-web-6.1.6.jar!/:6.1.6]
	at org.apache.catalina.core.ApplicationFilterChain.internalDoFilter(ApplicationFilterChain.java:175) ~[tomcat-embed-core-10.1.20.jar!/:na]
	at org.apache.catalina.core.ApplicationFilterChain.doFilter(ApplicationFilterChain.java:150) ~[tomcat-embed-core-10.1.20.jar!/:na]
	at org.springframework.web.filter.FormContentFilter.doFilterInternal(FormContentFilter.java:93) ~[spring-web-6.1.6.jar!/:6.1.6]
	at org.springframework.web.filter.OncePerRequestFilter.doFilter(OncePerRequestFilter.java:116) ~[spring-web-6.1.6.jar!/:6.1.6]
	at org.apache.catalina.core.ApplicationFilterChain.internalDoFilter(ApplicationFilterChain.java:175) ~[tomcat-embed-core-10.1.20.jar!/:na]
	at org.apache.catalina.core.ApplicationFilterChain.doFilter(ApplicationFilterChain.java:150) ~[tomcat-embed-core-10.1.20.jar!/:na]
	at org.springframework.web.filter.CharacterEncodingFilter.doFilterInternal(CharacterEncodingFilter.java:201) ~[spring-web-6.1.6.jar!/:6.1.6]
	at org.springframework.web.filter.OncePerRequestFilter.doFilter(OncePerRequestFilter.java:116) ~[spring-web-6.1.6.jar!/:6.1.6]
	at org.apache.catalina.core.ApplicationFilterChain.internalDoFilter(ApplicationFilterChain.java:175) ~[tomcat-embed-core-10.1.20.jar!/:na]
	at org.apache.catalina.core.ApplicationFilterChain.doFilter(ApplicationFilterChain.java:150) ~[tomcat-embed-core-10.1.20.jar!/:na]
	at org.apache.catalina.core.StandardWrapperValve.invoke(StandardWrapperValve.java:167) ~[tomcat-embed-core-10.1.20.jar!/:na]
	at org.apache.catalina.core.StandardContextValve.invoke(StandardContextValve.java:90) ~[tomcat-embed-core-10.1.20.jar!/:na]
	at org.apache.catalina.authenticator.AuthenticatorBase.invoke(AuthenticatorBase.java:482) ~[tomcat-embed-core-10.1.20.jar!/:na]
	at org.apache.catalina.core.StandardHostValve.invoke(StandardHostValve.java:115) ~[tomcat-embed-core-10.1.20.jar!/:na]
	at org.apache.catalina.valves.ErrorReportValve.invoke(ErrorReportValve.java:93) ~[tomcat-embed-core-10.1.20.jar!/:na]
	at org.apache.catalina.core.StandardEngineValve.invoke(StandardEngineValve.java:74) ~[tomcat-embed-core-10.1.20.jar!/:na]
	at org.apache.catalina.connector.CoyoteAdapter.service(CoyoteAdapter.java:344) ~[tomcat-embed-core-10.1.20.jar!/:na]
	at org.apache.coyote.http11.Http11Processor.service(Http11Processor.java:391) ~[tomcat-embed-core-10.1.20.jar!/:na]
	at org.apache.coyote.AbstractProcessorLight.process(AbstractProcessorLight.java:63) ~[tomcat-embed-core-10.1.20.jar!/:na]
	at org.apache.coyote.AbstractProtocol$ConnectionHandler.process(AbstractProtocol.java:896) ~[tomcat-embed-core-10.1.20.jar!/:na]
	at org.apache.tomcat.util.net.NioEndpoint$SocketProcessor.doRun(NioEndpoint.java:1736) ~[tomcat-embed-core-10.1.20.jar!/:na]
	at org.apache.tomcat.util.net.SocketProcessorBase.run(SocketProcessorBase.java:52) ~[tomcat-embed-core-10.1.20.jar!/:na]
	at org.apache.tomcat.util.threads.ThreadPoolExecutor.runWorker(ThreadPoolExecutor.java:1191) ~[tomcat-embed-core-10.1.20.jar!/:na]
	at org.apache.tomcat.util.threads.ThreadPoolExecutor$Worker.run(ThreadPoolExecutor.java:659) ~[tomcat-embed-core-10.1.20.jar!/:na]
	at org.apache.tomcat.util.threads.TaskThread$WrappingRunnable.run(TaskThread.java:63) ~[tomcat-embed-core-10.1.20.jar!/:na]
	at java.base/java.lang.Thread.run(Thread.java:840) ~[na:na]

2025-04-27T20:39:35.460+09:00 DEBUG 5754 --- [nio-8080-exec-1] o.s.security.web.FilterChainProxy        : Securing GET /error
2025-04-27T20:39:35.460+09:00 DEBUG 5754 --- [nio-8080-exec-1] o.s.s.w.a.AnonymousAuthenticationFilter  : Set SecurityContextHolder to anonymous SecurityContext
2025-04-27T20:39:35.461+09:00 DEBUG 5754 --- [nio-8080-exec-1] o.s.s.w.s.HttpSessionRequestCache        : Saved request http://deok.kr/error?continue to session
2025-04-27T20:39:35.461+09:00 DEBUG 5754 --- [nio-8080-exec-1] o.s.s.web.DefaultRedirectStrategy        : Redirecting to http://deok.kr/login
2025-04-27T20:39:35.476+09:00 DEBUG 5754 --- [nio-8080-exec-3] o.s.security.web.FilterChainProxy        : Securing GET /login
2025-04-27T20:39:35.477+09:00 DEBUG 5754 --- [nio-8080-exec-3] o.s.security.web.FilterChainProxy        : Secured GET /login
2025-04-27T20:39:35.479+09:00 DEBUG 5754 --- [nio-8080-exec-3] o.s.s.w.a.AnonymousAuthenticationFilter  : Set SecurityContextHolder to anonymous SecurityContext
2025-04-27T20:39:35.725+09:00 DEBUG 5754 --- [nio-8080-exec-2] o.s.security.web.FilterChainProxy        : Securing GET /favicon.ico
2025-04-27T20:39:35.725+09:00 DEBUG 5754 --- [nio-8080-exec-2] o.s.s.w.a.AnonymousAuthenticationFilter  : Set SecurityContextHolder to anonymous SecurityContext
2025-04-27T20:39:35.725+09:00 DEBUG 5754 --- [nio-8080-exec-2] o.s.s.web.DefaultRedirectStrategy        : Redirecting to http://deok.kr/login
2025-04-27T20:39:35.737+09:00 DEBUG 5754 --- [nio-8080-exec-4] o.s.security.web.FilterChainProxy        : Securing GET /login
2025-04-27T20:39:35.737+09:00 DEBUG 5754 --- [nio-8080-exec-4] o.s.security.web.FilterChainProxy        : Secured GET /login
2025-04-27T20:39:35.740+09:00 DEBUG 5754 --- [nio-8080-exec-4] o.s.s.w.a.AnonymousAuthenticationFilter  : Set SecurityContextHolder to anonymous SecurityContext
2025-04-27T20:39:43.733+09:00 DEBUG 5754 --- [nio-8080-exec-6] o.s.security.web.FilterChainProxy        : Securing POST /login
2025-04-27T20:39:43.734+09:00 DEBUG 5754 --- [nio-8080-exec-6] o.s.security.web.csrf.CsrfFilter         : Invalid CSRF token found for http://deok.kr/login
2025-04-27T20:39:43.734+09:00 DEBUG 5754 --- [nio-8080-exec-6] o.s.s.w.access.AccessDeniedHandlerImpl   : Responding with 403 status code
2025-04-27T20:39:43.734+09:00 DEBUG 5754 --- [nio-8080-exec-6] o.s.security.web.FilterChainProxy        : Securing POST /error
2025-04-27T20:39:43.735+09:00 DEBUG 5754 --- [nio-8080-exec-6] o.s.s.w.a.AnonymousAuthenticationFilter  : Set SecurityContextHolder to anonymous SecurityContext
2025-04-27T20:39:43.735+09:00 DEBUG 5754 --- [nio-8080-exec-6] o.s.s.web.DefaultRedirectStrategy        : Redirecting to http://deok.kr/login
2025-04-27T20:39:43.772+09:00 DEBUG 5754 --- [nio-8080-exec-5] o.s.security.web.FilterChainProxy        : Securing GET /login
2025-04-27T20:39:43.773+09:00 DEBUG 5754 --- [nio-8080-exec-5] o.s.security.web.FilterChainProxy        : Secured GET /login
2025-04-27T20:39:43.775+09:00 DEBUG 5754 --- [nio-8080-exec-5] o.s.s.w.a.AnonymousAuthenticationFilter  : Set SecurityContextHolder to anonymous SecurityContext
2025-04-27T20:39:44.125+09:00 DEBUG 5754 --- [nio-8080-exec-7] o.s.security.web.FilterChainProxy        : Securing GET /favicon.ico
2025-04-27T20:39:44.125+09:00 DEBUG 5754 --- [nio-8080-exec-7] o.s.s.w.a.AnonymousAuthenticationFilter  : Set SecurityContextHolder to anonymous SecurityContext
2025-04-27T20:39:44.126+09:00 DEBUG 5754 --- [nio-8080-exec-7] o.s.s.web.DefaultRedirectStrategy        : Redirecting to http://deok.kr/login
2025-04-27T20:39:44.141+09:00 DEBUG 5754 --- [nio-8080-exec-9] o.s.security.web.FilterChainProxy        : Securing GET /login
2025-04-27T20:39:44.141+09:00 DEBUG 5754 --- [nio-8080-exec-9] o.s.security.web.FilterChainProxy        : Secured GET /login
2025-04-27T20:39:44.143+09:00 DEBUG 5754 --- [nio-8080-exec-9] o.s.s.w.a.AnonymousAuthenticationFilter  : Set SecurityContextHolder to anonymous SecurityContext
2025-04-27T20:41:14.801+09:00 DEBUG 5754 --- [nio-8080-exec-1] o.s.security.web.FilterChainProxy        : Securing GET /signup
2025-04-27T20:41:14.801+09:00 DEBUG 5754 --- [nio-8080-exec-1] o.s.security.web.FilterChainProxy        : Secured GET /signup
2025-04-27T20:41:14.803+09:00 DEBUG 5754 --- [nio-8080-exec-1] o.s.s.w.a.AnonymousAuthenticationFilter  : Set SecurityContextHolder to anonymous SecurityContext
2025-04-27T20:41:15.026+09:00 DEBUG 5754 --- [nio-8080-exec-3] o.s.security.web.FilterChainProxy        : Securing GET /favicon.ico
2025-04-27T20:41:15.026+09:00 DEBUG 5754 --- [nio-8080-exec-3] o.s.s.w.a.AnonymousAuthenticationFilter  : Set SecurityContextHolder to anonymous SecurityContext
2025-04-27T20:41:15.026+09:00 DEBUG 5754 --- [nio-8080-exec-3] o.s.s.web.DefaultRedirectStrategy        : Redirecting to http://deok.kr/login
2025-04-27T20:41:15.034+09:00 DEBUG 5754 --- [nio-8080-exec-2] o.s.security.web.FilterChainProxy        : Securing GET /login
2025-04-27T20:41:15.035+09:00 DEBUG 5754 --- [nio-8080-exec-2] o.s.security.web.FilterChainProxy        : Secured GET /login
2025-04-27T20:41:15.037+09:00 DEBUG 5754 --- [nio-8080-exec-2] o.s.s.w.a.AnonymousAuthenticationFilter  : Set SecurityContextHolder to anonymous SecurityContext
